Sat Feb 21 2026 09:19:05 GMT+0300 (غرينتش+٠٣:٠٠) [INFO]: Starting a postgresql pool with 17 connections. {"target":"quaint::pooled"}
2026-02-21 09:19:05 [INFO]: ✅ Database connected successfully
2026-02-21 09:19:05 [INFO]: ✅ Email service initialized
2026-02-21 09:19:05 [ERROR]: ❌ WhatsApp service initialization failed: accountSid must start with AC
Error: accountSid must start with AC
    at new Client (C:\Users\Mazen\Desktop\yuoser\node_modules\twilio\lib\base\BaseTwilio.js:71:23)
    at new Twilio (C:\Users\Mazen\Desktop\yuoser\node_modules\twilio\lib\rest\Twilio.js:33:9)
    at TwilioSDK (C:\Users\Mazen\Desktop\yuoser\node_modules\twilio\lib\index.js:40:12)
    at WhatsAppService.initialize (C:\Users\Mazen\Desktop\yuoser\backend\src\services\whatsapp.service.ts:24:27)
    at startServer (C:\Users\Mazen\Desktop\yuoser\backend\src\server.ts:217:21)
2026-02-21 09:19:05 [INFO]: ============================================================
2026-02-21 09:19:05 [INFO]: 🕌 نظام إدارة مدارس تحفيظ القرآن الكريم
2026-02-21 09:19:05 [INFO]:    Quranic Schools Management System
2026-02-21 09:19:05 [INFO]: ============================================================
2026-02-21 09:19:05 [INFO]: 🚀 Server running on port 5000
2026-02-21 09:19:05 [INFO]: 📝 Environment: development
2026-02-21 09:19:05 [INFO]: 🌐 API Version: v1
2026-02-21 09:19:05 [INFO]: 📍 URL: http://localhost:5000
2026-02-21 09:19:05 [INFO]: 💚 Health Check: http://localhost:5000/health
2026-02-21 09:19:05 [INFO]: ============================================================
2026-02-21 09:19:55 [DEBUG]: Query: SELECT 1
2026-02-21 09:19:55 [DEBUG]: Duration: 14ms
2026-02-21 09:19:55 [DEBUG]: Query: SELECT 1
2026-02-21 09:19:55 [DEBUG]: Duration: 3ms
2026-02-21 09:20:32 [DEBUG]: Query: SELECT 1
2026-02-21 09:20:32 [DEBUG]: Duration: 0ms
2026-02-21 09:20:32 [DEBUG]: Query: SELECT 1
2026-02-21 09:20:32 [DEBUG]: Duration: 0ms
Sat Feb 21 2026 09:23:35 GMT+0300 (غرينتش+٠٣:٠٠) [INFO]: Starting a postgresql pool with 17 connections. {"target":"quaint::pooled"}
2026-02-21 09:23:35 [INFO]: ✅ Database connected successfully
2026-02-21 09:23:35 [INFO]: ✅ Email service initialized
2026-02-21 09:23:35 [ERROR]: ❌ WhatsApp service initialization failed: accountSid must start with AC
Error: accountSid must start with AC
    at new Client (C:\Users\Mazen\Desktop\yuoser\node_modules\twilio\lib\base\BaseTwilio.js:71:23)
    at new Twilio (C:\Users\Mazen\Desktop\yuoser\node_modules\twilio\lib\rest\Twilio.js:33:9)
    at TwilioSDK (C:\Users\Mazen\Desktop\yuoser\node_modules\twilio\lib\index.js:40:12)
    at WhatsAppService.initialize (C:\Users\Mazen\Desktop\yuoser\backend\src\services\whatsapp.service.ts:24:27)
    at startServer (C:\Users\Mazen\Desktop\yuoser\backend\src\server.ts:217:21)
2026-02-21 09:23:35 [INFO]: ============================================================
2026-02-21 09:23:35 [INFO]: 🕌 نظام إدارة مدارس تحفيظ القرآن الكريم
2026-02-21 09:23:35 [INFO]:    Quranic Schools Management System
2026-02-21 09:23:35 [INFO]: ============================================================
2026-02-21 09:23:35 [INFO]: 🚀 Server running on port 5000
2026-02-21 09:23:35 [INFO]: 📝 Environment: development
2026-02-21 09:23:35 [INFO]: 🌐 API Version: v1
2026-02-21 09:23:35 [INFO]: 📍 URL: http://localhost:5000
2026-02-21 09:23:35 [INFO]: 💚 Health Check: http://localhost:5000/health
2026-02-21 09:23:35 [INFO]: ============================================================
Sat Feb 21 2026 09:25:44 GMT+0300 (غرينتش+٠٣:٠٠) [INFO]: Starting a postgresql pool with 17 connections. {"target":"quaint::pooled"}
2026-02-21 09:25:44 [INFO]: ✅ Database connected successfully
2026-02-21 09:25:44 [INFO]: ✅ Email service initialized
2026-02-21 09:25:44 [ERROR]: ❌ WhatsApp service initialization failed: accountSid must start with AC
Error: accountSid must start with AC
    at new Client (C:\Users\Mazen\Desktop\yuoser\node_modules\twilio\lib\base\BaseTwilio.js:71:23)
    at new Twilio (C:\Users\Mazen\Desktop\yuoser\node_modules\twilio\lib\rest\Twilio.js:33:9)
    at TwilioSDK (C:\Users\Mazen\Desktop\yuoser\node_modules\twilio\lib\index.js:40:12)
    at WhatsAppService.initialize (C:\Users\Mazen\Desktop\yuoser\backend\src\services\whatsapp.service.ts:24:27)
    at startServer (C:\Users\Mazen\Desktop\yuoser\backend\src\server.ts:221:21)
2026-02-21 09:25:44 [INFO]: ============================================================
2026-02-21 09:25:44 [INFO]: 🕌 نظام إدارة مدارس تحفيظ القرآن الكريم
2026-02-21 09:25:44 [INFO]:    Quranic Schools Management System
2026-02-21 09:25:44 [INFO]: ============================================================
2026-02-21 09:25:44 [INFO]: 🚀 Server running on port 5000
2026-02-21 09:25:44 [INFO]: 📝 Environment: development
2026-02-21 09:25:44 [INFO]: 🌐 API Version: v1
2026-02-21 09:25:44 [INFO]: 📍 URL: http://localhost:5000
2026-02-21 09:25:44 [INFO]: 💚 Health Check: http://localhost:5000/health
2026-02-21 09:25:44 [INFO]: ============================================================
2026-02-21 09:27:55 [DEBUG]: Query: SELECT 1
2026-02-21 09:27:55 [DEBUG]: Duration: 0ms
2026-02-21 09:27:56 [DEBUG]: Query: SELECT COUNT(*) FROM (SELECT "public"."Teacher"."id" FROM "public"."Teacher" WHERE 1=1 OFFSET $1) AS "sub"
2026-02-21 09:27:56 [DEBUG]: Duration: 25ms
2026-02-21 09:27:56 [DEBUG]: Query: SELECT COUNT(*) FROM (SELECT "public"."Student"."id" FROM "public"."Student" WHERE 1=1 OFFSET $1) AS "sub"
2026-02-21 09:27:56 [DEBUG]: Duration: 4ms
2026-02-21 09:27:56 [DEBUG]: Query: SELECT COUNT(*) FROM (SELECT "public"."Class"."id" FROM "public"."Class" WHERE 1=1 OFFSET $1) AS "sub"
2026-02-21 09:27:56 [DEBUG]: Duration: 5ms
2026-02-21 09:27:56 [DEBUG]: Query: SELECT COUNT(*) FROM (SELECT "public"."User"."id" FROM "public"."User" WHERE 1=1 OFFSET $1) AS "sub"
2026-02-21 09:27:56 [DEBUG]: Duration: 2ms
Sat Feb 21 2026 09:30:42 GMT+0300 (غرينتش+٠٣:٠٠) [INFO]: Starting a postgresql pool with 17 connections. {"target":"quaint::pooled"}
2026-02-21 09:30:42 [INFO]: ✅ Database connected successfully
2026-02-21 09:30:42 [INFO]: ✅ Email service initialized
2026-02-21 09:30:42 [ERROR]: ❌ WhatsApp service initialization failed: accountSid must start with AC
Error: accountSid must start with AC
    at new Client (C:\Users\Mazen\Desktop\yuoser\node_modules\twilio\lib\base\BaseTwilio.js:71:23)
    at new Twilio (C:\Users\Mazen\Desktop\yuoser\node_modules\twilio\lib\rest\Twilio.js:33:9)
    at TwilioSDK (C:\Users\Mazen\Desktop\yuoser\node_modules\twilio\lib\index.js:40:12)
    at WhatsAppService.initialize (C:\Users\Mazen\Desktop\yuoser\backend\src\services\whatsapp.service.ts:24:27)
    at startServer (C:\Users\Mazen\Desktop\yuoser\backend\src\server.ts:221:21)
2026-02-21 09:30:42 [INFO]: ============================================================
2026-02-21 09:30:42 [INFO]: 🕌 نظام إدارة مدارس تحفيظ القرآن الكريم
2026-02-21 09:30:42 [INFO]:    Quranic Schools Management System
2026-02-21 09:30:42 [INFO]: ============================================================
2026-02-21 09:30:42 [INFO]: 🚀 Server running on port 5000
2026-02-21 09:30:42 [INFO]: 📝 Environment: development
2026-02-21 09:30:42 [INFO]: 🌐 API Version: v1
2026-02-21 09:30:42 [INFO]: 📍 URL: http://localhost:5000
2026-02-21 09:30:42 [INFO]: 💚 Health Check: http://localhost:5000/health
2026-02-21 09:30:42 [INFO]: ============================================================
Sat Feb 21 2026 09:32:05 GMT+0300 (غرينتش+٠٣:٠٠) [INFO]: Starting a postgresql pool with 17 connections. {"target":"quaint::pooled"}
2026-02-21 09:32:05 [INFO]: ✅ Database connected successfully
2026-02-21 09:32:05 [INFO]: ✅ Email service initialized
2026-02-21 09:32:05 [ERROR]: ❌ WhatsApp service initialization failed: accountSid must start with AC
Error: accountSid must start with AC
    at new Client (C:\Users\Mazen\Desktop\yuoser\node_modules\twilio\lib\base\BaseTwilio.js:71:23)
    at new Twilio (C:\Users\Mazen\Desktop\yuoser\node_modules\twilio\lib\rest\Twilio.js:33:9)
    at TwilioSDK (C:\Users\Mazen\Desktop\yuoser\node_modules\twilio\lib\index.js:40:12)
    at WhatsAppService.initialize (C:\Users\Mazen\Desktop\yuoser\backend\src\services\whatsapp.service.ts:24:27)
    at startServer (C:\Users\Mazen\Desktop\yuoser\backend\src\server.ts:221:21)
2026-02-21 09:32:05 [INFO]: ============================================================
2026-02-21 09:32:05 [INFO]: 🕌 نظام إدارة مدارس تحفيظ القرآن الكريم
2026-02-21 09:32:05 [INFO]:    Quranic Schools Management System
2026-02-21 09:32:05 [INFO]: ============================================================
2026-02-21 09:32:05 [INFO]: 🚀 Server running on port 5000
2026-02-21 09:32:05 [INFO]: 📝 Environment: development
2026-02-21 09:32:05 [INFO]: 🌐 API Version: v1
2026-02-21 09:32:05 [INFO]: 📍 URL: http://localhost:5000
2026-02-21 09:32:05 [INFO]: 💚 Health Check: http://localhost:5000/health
2026-02-21 09:32:05 [INFO]: ============================================================
Sat Feb 21 2026 09:36:00 GMT+0300 (غرينتش+٠٣:٠٠) [INFO]: Starting a postgresql pool with 17 connections. {"target":"quaint::pooled"}
2026-02-21 09:36:00 [INFO]: ✅ Database connected successfully
2026-02-21 09:36:00 [INFO]: ✅ Email service initialized
2026-02-21 09:36:00 [ERROR]: ❌ WhatsApp service initialization failed: accountSid must start with AC
Error: accountSid must start with AC
    at new Client (C:\Users\Mazen\Desktop\yuoser\node_modules\twilio\lib\base\BaseTwilio.js:71:23)
    at new Twilio (C:\Users\Mazen\Desktop\yuoser\node_modules\twilio\lib\rest\Twilio.js:33:9)
    at TwilioSDK (C:\Users\Mazen\Desktop\yuoser\node_modules\twilio\lib\index.js:40:12)
    at WhatsAppService.initialize (C:\Users\Mazen\Desktop\yuoser\backend\src\services\whatsapp.service.ts:24:27)
    at startServer (C:\Users\Mazen\Desktop\yuoser\backend\src\server.ts:221:21)
2026-02-21 09:36:00 [INFO]: ============================================================
2026-02-21 09:36:00 [INFO]: 🕌 نظام إدارة مدارس تحفيظ القرآن الكريم
2026-02-21 09:36:00 [INFO]:    Quranic Schools Management System
2026-02-21 09:36:00 [INFO]: ============================================================
2026-02-21 09:36:00 [INFO]: 🚀 Server running on port 5000
2026-02-21 09:36:00 [INFO]: 📝 Environment: development
2026-02-21 09:36:00 [INFO]: 🌐 API Version: v1
2026-02-21 09:36:00 [INFO]: 📍 URL: http://localhost:5000
2026-02-21 09:36:00 [INFO]: 💚 Health Check: http://localhost:5000/health
2026-02-21 09:36:00 [INFO]: ============================================================
Sat Feb 21 2026 09:53:22 GMT+0300 (غرينتش+٠٣:٠٠) [INFO]: Starting a postgresql pool with 17 connections. {"target":"quaint::pooled"}
2026-02-21 09:53:22 [INFO]: ✅ Database connected successfully
2026-02-21 09:53:22 [INFO]: ✅ Email service initialized
2026-02-21 09:53:22 [ERROR]: ❌ WhatsApp service initialization failed: accountSid must start with AC
Error: accountSid must start with AC
    at new Client (c:\Users\Mazen\Desktop\yuoser\node_modules\twilio\lib\base\BaseTwilio.js:71:23)
    at new Twilio (c:\Users\Mazen\Desktop\yuoser\node_modules\twilio\lib\rest\Twilio.js:33:9)
    at TwilioSDK (c:\Users\Mazen\Desktop\yuoser\node_modules\twilio\lib\index.js:40:12)
    at WhatsAppService.initialize (c:\Users\Mazen\Desktop\yuoser\backend\src\services\whatsapp.service.ts:24:27)
    at startServer (c:\Users\Mazen\Desktop\yuoser\backend\src\server.ts:224:21)
2026-02-21 09:53:22 [INFO]: ============================================================
2026-02-21 09:53:22 [INFO]: 🕌 نظام إدارة مدارس تحفيظ القرآن الكريم
2026-02-21 09:53:22 [INFO]:    Quranic Schools Management System
2026-02-21 09:53:22 [INFO]: ============================================================
2026-02-21 09:53:22 [INFO]: 🚀 Server running on port 5000
2026-02-21 09:53:22 [INFO]: 📝 Environment: development
2026-02-21 09:53:22 [INFO]: 🌐 API Version: v1
2026-02-21 09:53:22 [INFO]: 📍 URL: http://localhost:5000
2026-02-21 09:53:22 [INFO]: 💚 Health Check: http://localhost:5000/health
2026-02-21 09:53:22 [INFO]: ============================================================
Sat Feb 21 2026 09:53:32 GMT+0300 (غرينتش+٠٣:٠٠) [INFO]: Starting a postgresql pool with 17 connections. {"target":"quaint::pooled"}
2026-02-21 09:53:32 [INFO]: ✅ Database connected successfully
2026-02-21 09:53:32 [INFO]: ✅ Email service initialized
2026-02-21 09:53:32 [ERROR]: ❌ WhatsApp service initialization failed: accountSid must start with AC
Error: accountSid must start with AC
    at new Client (c:\Users\Mazen\Desktop\yuoser\node_modules\twilio\lib\base\BaseTwilio.js:71:23)
    at new Twilio (c:\Users\Mazen\Desktop\yuoser\node_modules\twilio\lib\rest\Twilio.js:33:9)
    at TwilioSDK (c:\Users\Mazen\Desktop\yuoser\node_modules\twilio\lib\index.js:40:12)
    at WhatsAppService.initialize (c:\Users\Mazen\Desktop\yuoser\backend\src\services\whatsapp.service.ts:24:27)
    at startServer (c:\Users\Mazen\Desktop\yuoser\backend\src\server.ts:224:21)
2026-02-21 09:53:32 [INFO]: ============================================================
2026-02-21 09:53:32 [INFO]: 🕌 نظام إدارة مدارس تحفيظ القرآن الكريم
2026-02-21 09:53:32 [INFO]:    Quranic Schools Management System
2026-02-21 09:53:32 [INFO]: ============================================================
2026-02-21 09:53:32 [INFO]: 🚀 Server running on port 5000
2026-02-21 09:53:32 [INFO]: 📝 Environment: development
2026-02-21 09:53:32 [INFO]: 🌐 API Version: v1
2026-02-21 09:53:32 [INFO]: 📍 URL: http://localhost:5000
2026-02-21 09:53:32 [INFO]: 💚 Health Check: http://localhost:5000/health
2026-02-21 09:53:32 [INFO]: ============================================================
Sat Feb 21 2026 09:53:42 GMT+0300 (غرينتش+٠٣:٠٠) [INFO]: Starting a postgresql pool with 17 connections. {"target":"quaint::pooled"}
2026-02-21 09:53:42 [INFO]: ✅ Database connected successfully
2026-02-21 09:53:42 [INFO]: ✅ Email service initialized
2026-02-21 09:53:42 [ERROR]: ❌ WhatsApp service initialization failed: accountSid must start with AC
Error: accountSid must start with AC
    at new Client (c:\Users\Mazen\Desktop\yuoser\node_modules\twilio\lib\base\BaseTwilio.js:71:23)
    at new Twilio (c:\Users\Mazen\Desktop\yuoser\node_modules\twilio\lib\rest\Twilio.js:33:9)
    at TwilioSDK (c:\Users\Mazen\Desktop\yuoser\node_modules\twilio\lib\index.js:40:12)
    at WhatsAppService.initialize (c:\Users\Mazen\Desktop\yuoser\backend\src\services\whatsapp.service.ts:24:27)
    at startServer (c:\Users\Mazen\Desktop\yuoser\backend\src\server.ts:224:21)
2026-02-21 09:53:42 [INFO]: ============================================================
2026-02-21 09:53:42 [INFO]: 🕌 نظام إدارة مدارس تحفيظ القرآن الكريم
2026-02-21 09:53:42 [INFO]:    Quranic Schools Management System
2026-02-21 09:53:42 [INFO]: ============================================================
2026-02-21 09:53:42 [INFO]: 🚀 Server running on port 5000
2026-02-21 09:53:42 [INFO]: 📝 Environment: development
2026-02-21 09:53:42 [INFO]: 🌐 API Version: v1
2026-02-21 09:53:42 [INFO]: 📍 URL: http://localhost:5000
2026-02-21 09:53:42 [INFO]: 💚 Health Check: http://localhost:5000/health
2026-02-21 09:53:42 [INFO]: ============================================================
Sat Feb 21 2026 09:54:13 GMT+0300 (غرينتش+٠٣:٠٠) [INFO]: Starting a postgresql pool with 17 connections. {"target":"quaint::pooled"}
2026-02-21 09:54:13 [INFO]: ✅ Database connected successfully
Sat Feb 21 2026 09:55:23 GMT+0300 (غرينتش+٠٣:٠٠) [INFO]: Starting a postgresql pool with 17 connections. {"target":"quaint::pooled"}
2026-02-21 09:55:24 [INFO]: ✅ Database connected successfully
2026-02-21 09:55:24 [INFO]: ✅ Email service initialized
2026-02-21 09:55:24 [ERROR]: ❌ WhatsApp service initialization failed: accountSid must start with AC
Error: accountSid must start with AC
    at new Client (C:\Users\Mazen\Desktop\yuoser\node_modules\twilio\lib\base\BaseTwilio.js:71:23)
    at new Twilio (C:\Users\Mazen\Desktop\yuoser\node_modules\twilio\lib\rest\Twilio.js:33:9)
    at TwilioSDK (C:\Users\Mazen\Desktop\yuoser\node_modules\twilio\lib\index.js:40:12)
    at WhatsAppService.initialize (C:\Users\Mazen\Desktop\yuoser\backend\src\services\whatsapp.service.ts:24:27)
    at startServer (C:\Users\Mazen\Desktop\yuoser\backend\src\server.ts:224:21)
2026-02-21 09:55:24 [INFO]: ============================================================
2026-02-21 09:55:24 [INFO]: 🕌 نظام إدارة مدارس تحفيظ القرآن الكريم
2026-02-21 09:55:24 [INFO]:    Quranic Schools Management System
2026-02-21 09:55:24 [INFO]: ============================================================
2026-02-21 09:55:24 [INFO]: 🚀 Server running on port 5000
2026-02-21 09:55:24 [INFO]: 📝 Environment: development
2026-02-21 09:55:24 [INFO]: 🌐 API Version: v1
2026-02-21 09:55:24 [INFO]: 📍 URL: http://localhost:5000
2026-02-21 09:55:24 [INFO]: 💚 Health Check: http://localhost:5000/health
2026-02-21 09:55:24 [INFO]: ============================================================
Sat Feb 21 2026 10:48:33 GMT+0300 (غرينتش+٠٣:٠٠) [INFO]: Starting a postgresql pool with 17 connections. {"target":"quaint::pooled"}
2026-02-21 10:48:33 [INFO]: ✅ Database connected successfully
2026-02-21 11:15:31 [INFO]: ✅ تسجيل دخول: admin@albirr.com - SUPER_ADMIN
Sat Feb 21 2026 11:23:50 GMT+0300 (غرينتش+٠٣:٠٠) [INFO]: Starting a postgresql pool with 17 connections. {"target":"quaint::pooled"}
2026-02-21 11:23:50 [INFO]: ✅ Database connected successfully
Sat Feb 21 2026 11:24:57 GMT+0300 (غرينتش+٠٣:٠٠) [INFO]: Starting a postgresql pool with 17 connections. {"target":"quaint::pooled"}
2026-02-21 11:24:57 [INFO]: ✅ Database connected successfully
2026-02-21 11:24:57 [INFO]: ✅ Email service initialized
2026-02-21 11:24:57 [ERROR]: ❌ WhatsApp service initialization failed: accountSid must start with AC
Error: accountSid must start with AC
    at new Client (C:\Users\Mazen\Desktop\yuoser\node_modules\twilio\lib\base\BaseTwilio.js:71:23)
    at new Twilio (C:\Users\Mazen\Desktop\yuoser\node_modules\twilio\lib\rest\Twilio.js:33:9)
    at TwilioSDK (C:\Users\Mazen\Desktop\yuoser\node_modules\twilio\lib\index.js:40:12)
    at WhatsAppService.initialize (C:\Users\Mazen\Desktop\yuoser\backend\src\services\whatsapp.service.ts:24:27)
    at startServer (C:\Users\Mazen\Desktop\yuoser\backend\src\server.ts:224:21)
2026-02-21 11:24:57 [INFO]: ============================================================
2026-02-21 11:24:57 [INFO]: 🕌 نظام إدارة مدارس تحفيظ القرآن الكريم
2026-02-21 11:24:57 [INFO]:    Quranic Schools Management System
2026-02-21 11:24:57 [INFO]: ============================================================
2026-02-21 11:24:57 [INFO]: 🚀 Server running on port 5000
2026-02-21 11:24:57 [INFO]: 📝 Environment: development
2026-02-21 11:24:57 [INFO]: 🌐 API Version: v1
2026-02-21 11:24:57 [INFO]: 📍 URL: http://localhost:5000
2026-02-21 11:24:57 [INFO]: 💚 Health Check: http://localhost:5000/health
2026-02-21 11:24:57 [INFO]: ============================================================
2026-02-21 11:25:13 [DEBUG]: Query: SELECT 1
2026-02-21 11:25:13 [DEBUG]: Duration: 5ms
2026-02-21 11:25:13 [DEBUG]: Query: SELECT 1
2026-02-21 11:25:13 [DEBUG]: Duration: 1ms
Sat Feb 21 2026 11:27:09 GMT+0300 (غرينتش+٠٣:٠٠) [INFO]: Starting a postgresql pool with 17 connections. {"target":"quaint::pooled"}
2026-02-21 11:27:09 [INFO]: ✅ Database connected successfully
2026-02-21 11:27:09 [INFO]: ✅ Email service initialized
2026-02-21 11:27:09 [ERROR]: ❌ WhatsApp service initialization failed: accountSid must start with AC
Error: accountSid must start with AC
    at new Client (C:\Users\Mazen\Desktop\yuoser\node_modules\twilio\lib\base\BaseTwilio.js:71:23)
    at new Twilio (C:\Users\Mazen\Desktop\yuoser\node_modules\twilio\lib\rest\Twilio.js:33:9)
    at TwilioSDK (C:\Users\Mazen\Desktop\yuoser\node_modules\twilio\lib\index.js:40:12)
    at WhatsAppService.initialize (C:\Users\Mazen\Desktop\yuoser\backend\src\services\whatsapp.service.ts:24:27)
    at startServer (C:\Users\Mazen\Desktop\yuoser\backend\src\server.ts:224:21)
2026-02-21 11:27:09 [INFO]: ============================================================
2026-02-21 11:27:09 [INFO]: 🕌 نظام إدارة مدارس تحفيظ القرآن الكريم
2026-02-21 11:27:09 [INFO]:    Quranic Schools Management System
2026-02-21 11:27:09 [INFO]: ============================================================
2026-02-21 11:27:09 [INFO]: 🚀 Server running on port 5000
2026-02-21 11:27:09 [INFO]: 📝 Environment: development
2026-02-21 11:27:09 [INFO]: 🌐 API Version: v1
2026-02-21 11:27:09 [INFO]: 📍 URL: http://localhost:5000
2026-02-21 11:27:09 [INFO]: 💚 Health Check: http://localhost:5000/health
2026-02-21 11:27:09 [INFO]: ============================================================
2026-02-21 11:27:28 [DEBUG]: Query: SELECT 1
2026-02-21 11:27:28 [DEBUG]: Duration: 0ms
2026-02-21 11:27:28 [DEBUG]: Query: SELECT 1
2026-02-21 11:27:28 [DEBUG]: Duration: 0ms
Sat Feb 21 2026 11:27:45 GMT+0300 (غرينتش+٠٣:٠٠) [INFO]: Starting a postgresql pool with 17 connections. {"target":"quaint::pooled"}
2026-02-21 11:27:45 [INFO]: ✅ Database connected successfully
Sat Feb 21 2026 11:28:01 GMT+0300 (غرينتش+٠٣:٠٠) [INFO]: Starting a postgresql pool with 17 connections. {"target":"quaint::pooled"}
2026-02-21 11:28:01 [INFO]: ✅ Database connected successfully
2026-02-21 11:28:46 [DEBUG]: Query: SELECT 1
2026-02-21 11:28:46 [DEBUG]: Duration: 0ms
2026-02-21 11:28:46 [DEBUG]: Query: SELECT 1
2026-02-21 11:28:46 [DEBUG]: Duration: 0ms
Sat Feb 21 2026 11:31:23 GMT+0300 (غرينتش+٠٣:٠٠) [INFO]: Starting a postgresql pool with 17 connections. {"target":"quaint::pooled"}
2026-02-21 11:31:23 [INFO]: ✅ Database connected successfully
2026-02-21 11:31:23 [INFO]: ✅ Email service initialized
2026-02-21 11:31:23 [ERROR]: ❌ WhatsApp service initialization failed: accountSid must start with AC
Error: accountSid must start with AC
    at new Client (C:\Users\Mazen\Desktop\yuoser\node_modules\twilio\lib\base\BaseTwilio.js:71:23)
    at new Twilio (C:\Users\Mazen\Desktop\yuoser\node_modules\twilio\lib\rest\Twilio.js:33:9)
    at TwilioSDK (C:\Users\Mazen\Desktop\yuoser\node_modules\twilio\lib\index.js:40:12)
    at WhatsAppService.initialize (C:\Users\Mazen\Desktop\yuoser\backend\src\services\whatsapp.service.ts:24:27)
    at startServer (C:\Users\Mazen\Desktop\yuoser\backend\src\server.ts:224:21)
2026-02-21 11:31:23 [INFO]: ============================================================
2026-02-21 11:31:23 [INFO]: 🕌 نظام إدارة مدارس تحفيظ القرآن الكريم
2026-02-21 11:31:23 [INFO]:    Quranic Schools Management System
2026-02-21 11:31:23 [INFO]: ============================================================
2026-02-21 11:31:23 [INFO]: 🚀 Server running on port 5000
2026-02-21 11:31:23 [INFO]: 📝 Environment: development
2026-02-21 11:31:23 [INFO]: 🌐 API Version: v1
2026-02-21 11:31:23 [INFO]: 📍 URL: http://localhost:5000
2026-02-21 11:31:23 [INFO]: 💚 Health Check: http://localhost:5000/health
2026-02-21 11:31:23 [INFO]: ============================================================
2026-02-21 11:31:52 [DEBUG]: Query: SELECT 1
2026-02-21 11:31:52 [DEBUG]: Duration: 1ms
2026-02-21 11:31:52 [DEBUG]: Query: SELECT 1
2026-02-21 11:31:52 [DEBUG]: Duration: 1ms
2026-02-21 11:31:53 [INFO]: ✅ تسجيل دخول: admin@albirr.com - SUPER_ADMIN
Sat Feb 21 2026 11:32:23 GMT+0300 (غرينتش+٠٣:٠٠) [INFO]: Starting a postgresql pool with 17 connections. {"target":"quaint::pooled"}
2026-02-21 11:32:23 [INFO]: ✅ Database connected successfully
Sat Feb 21 2026 11:32:42 GMT+0300 (غرينتش+٠٣:٠٠) [INFO]: Starting a postgresql pool with 17 connections. {"target":"quaint::pooled"}
2026-02-21 11:32:42 [INFO]: ✅ Database connected successfully
Sat Feb 21 2026 11:34:05 GMT+0300 (غرينتش+٠٣:٠٠) [INFO]: Starting a postgresql pool with 17 connections. {"target":"quaint::pooled"}
2026-02-21 11:34:05 [INFO]: ✅ Database connected successfully
2026-02-21 11:34:05 [INFO]: ✅ Email service initialized
2026-02-21 11:34:05 [ERROR]: ❌ WhatsApp service initialization failed: accountSid must start with AC
Error: accountSid must start with AC
    at new Client (C:\Users\Mazen\Desktop\yuoser\node_modules\twilio\lib\base\BaseTwilio.js:71:23)
    at new Twilio (C:\Users\Mazen\Desktop\yuoser\node_modules\twilio\lib\rest\Twilio.js:33:9)
    at TwilioSDK (C:\Users\Mazen\Desktop\yuoser\node_modules\twilio\lib\index.js:40:12)
    at WhatsAppService.initialize (C:\Users\Mazen\Desktop\yuoser\backend\src\services\whatsapp.service.ts:24:27)
    at startServer (C:\Users\Mazen\Desktop\yuoser\backend\src\server.ts:224:21)
2026-02-21 11:34:05 [INFO]: ============================================================
2026-02-21 11:34:05 [INFO]: 🕌 نظام إدارة مدارس تحفيظ القرآن الكريم
2026-02-21 11:34:05 [INFO]:    Quranic Schools Management System
2026-02-21 11:34:05 [INFO]: ============================================================
2026-02-21 11:34:05 [INFO]: 🚀 Server running on port 5000
2026-02-21 11:34:05 [INFO]: 📝 Environment: development
2026-02-21 11:34:05 [INFO]: 🌐 API Version: v1
2026-02-21 11:34:05 [INFO]: 📍 URL: http://localhost:5000
2026-02-21 11:34:05 [INFO]: 💚 Health Check: http://localhost:5000/health
2026-02-21 11:34:05 [INFO]: ============================================================
2026-02-21 11:34:18 [DEBUG]: Query: SELECT 1
2026-02-21 11:34:18 [DEBUG]: Duration: 0ms
Sat Feb 21 2026 11:36:49 GMT+0300 (غرينتش+٠٣:٠٠) [INFO]: Starting a postgresql pool with 17 connections. {"target":"quaint::pooled"}
2026-02-21 11:36:49 [INFO]: ✅ Database connected successfully
2026-02-21 11:36:49 [INFO]: ✅ Email service initialized
2026-02-21 11:36:49 [ERROR]: ❌ WhatsApp service initialization failed: accountSid must start with AC
Error: accountSid must start with AC
    at new Client (C:\Users\Mazen\Desktop\yuoser\node_modules\twilio\lib\base\BaseTwilio.js:71:23)
    at new Twilio (C:\Users\Mazen\Desktop\yuoser\node_modules\twilio\lib\rest\Twilio.js:33:9)
    at TwilioSDK (C:\Users\Mazen\Desktop\yuoser\node_modules\twilio\lib\index.js:40:12)
    at WhatsAppService.initialize (C:\Users\Mazen\Desktop\yuoser\backend\src\services\whatsapp.service.ts:24:27)
    at startServer (C:\Users\Mazen\Desktop\yuoser\backend\src\server.ts:224:21)
2026-02-21 11:36:49 [INFO]: ============================================================
2026-02-21 11:36:49 [INFO]: 🕌 نظام إدارة مدارس تحفيظ القرآن الكريم
2026-02-21 11:36:49 [INFO]:    Quranic Schools Management System
2026-02-21 11:36:49 [INFO]: ============================================================
2026-02-21 11:36:49 [INFO]: 🚀 Server running on port 5000
2026-02-21 11:36:49 [INFO]: 📝 Environment: development
2026-02-21 11:36:49 [INFO]: 🌐 API Version: v1
2026-02-21 11:36:49 [INFO]: 📍 URL: http://localhost:5000
2026-02-21 11:36:49 [INFO]: 💚 Health Check: http://localhost:5000/health
2026-02-21 11:36:49 [INFO]: ============================================================
2026-02-21 11:37:07 [DEBUG]: Query: SELECT 1
2026-02-21 11:37:07 [DEBUG]: Duration: 0ms
2026-02-21 11:37:07 [DEBUG]: Query: SELECT 1
2026-02-21 11:37:07 [DEBUG]: Duration: 0ms
2026-02-21 11:37:17 [INFO]: ✅ تسجيل دخول: admin@albirr.com - SUPER_ADMIN
Sat Feb 21 2026 11:38:58 GMT+0300 (غرينتش+٠٣:٠٠) [INFO]: Starting a postgresql pool with 17 connections. {"target":"quaint::pooled"}
2026-02-21 11:38:58 [INFO]: ✅ Database connected successfully
Sat Feb 21 2026 11:39:21 GMT+0300 (غرينتش+٠٣:٠٠) [INFO]: Starting a postgresql pool with 17 connections. {"target":"quaint::pooled"}
2026-02-21 11:39:21 [INFO]: ✅ Database connected successfully
Sat Feb 21 2026 11:39:39 GMT+0300 (غرينتش+٠٣:٠٠) [INFO]: Starting a postgresql pool with 17 connections. {"target":"quaint::pooled"}
2026-02-21 11:39:39 [INFO]: ✅ Database connected successfully
Sat Feb 21 2026 11:54:41 GMT+0300 (غرينتش+٠٣:٠٠) [INFO]: Starting a postgresql pool with 17 connections. {"target":"quaint::pooled"}
2026-02-21 11:54:42 [INFO]: ✅ Database connected successfully
2026-02-21 11:54:42 [INFO]: ✅ Email service initialized
2026-02-21 11:54:42 [ERROR]: ❌ WhatsApp service initialization failed: accountSid must start with AC
Error: accountSid must start with AC
    at new Client (c:\Users\Mazen\Desktop\yuoser\node_modules\twilio\lib\base\BaseTwilio.js:71:23)
    at new Twilio (c:\Users\Mazen\Desktop\yuoser\node_modules\twilio\lib\rest\Twilio.js:33:9)
    at TwilioSDK (c:\Users\Mazen\Desktop\yuoser\node_modules\twilio\lib\index.js:40:12)
    at WhatsAppService.initialize (c:\Users\Mazen\Desktop\yuoser\backend\src\services\whatsapp.service.ts:24:27)
    at startServer (c:\Users\Mazen\Desktop\yuoser\backend\src\server.ts:224:21)
2026-02-21 11:54:42 [INFO]: ============================================================
2026-02-21 11:54:42 [INFO]: 🕌 نظام إدارة مدارس تحفيظ القرآن الكريم
2026-02-21 11:54:42 [INFO]:    Quranic Schools Management System
2026-02-21 11:54:42 [INFO]: ============================================================
2026-02-21 11:54:42 [INFO]: 🚀 Server running on port 5000
2026-02-21 11:54:42 [INFO]: 📝 Environment: development
2026-02-21 11:54:42 [INFO]: 🌐 API Version: v1
2026-02-21 11:54:42 [INFO]: 📍 URL: http://localhost:5000
2026-02-21 11:54:42 [INFO]: 💚 Health Check: http://localhost:5000/health
2026-02-21 11:54:42 [INFO]: ============================================================
Sat Feb 21 2026 11:55:33 GMT+0300 (غرينتش+٠٣:٠٠) [INFO]: Starting a postgresql pool with 17 connections. {"target":"quaint::pooled"}
2026-02-21 11:55:33 [INFO]: ✅ Database connected successfully
2026-02-21 11:55:33 [INFO]: ✅ Email service initialized
2026-02-21 11:55:33 [ERROR]: ❌ WhatsApp service initialization failed: accountSid must start with AC
Error: accountSid must start with AC
    at new Client (c:\Users\Mazen\Desktop\yuoser\node_modules\twilio\lib\base\BaseTwilio.js:71:23)
    at new Twilio (c:\Users\Mazen\Desktop\yuoser\node_modules\twilio\lib\rest\Twilio.js:33:9)
    at TwilioSDK (c:\Users\Mazen\Desktop\yuoser\node_modules\twilio\lib\index.js:40:12)
    at WhatsAppService.initialize (c:\Users\Mazen\Desktop\yuoser\backend\src\services\whatsapp.service.ts:24:27)
    at startServer (c:\Users\Mazen\Desktop\yuoser\backend\src\server.ts:224:21)
2026-02-21 11:55:33 [INFO]: ============================================================
2026-02-21 11:55:33 [INFO]: 🕌 نظام إدارة مدارس تحفيظ القرآن الكريم
2026-02-21 11:55:33 [INFO]:    Quranic Schools Management System
2026-02-21 11:55:33 [INFO]: ============================================================
2026-02-21 11:55:33 [INFO]: 🚀 Server running on port 5000
2026-02-21 11:55:33 [INFO]: 📝 Environment: development
2026-02-21 11:55:33 [INFO]: 🌐 API Version: v1
2026-02-21 11:55:33 [INFO]: 📍 URL: http://localhost:5000
2026-02-21 11:55:33 [INFO]: 💚 Health Check: http://localhost:5000/health
2026-02-21 11:55:33 [INFO]: ============================================================
